<?xml version="1.0" encoding="UTF-8"?>
<!-- Generated by org.testng.reporters.JUnitXMLReporter -->
<testsuite hostname="nigaras-MacBook-Pro.local" ignored="0" name="Parameters test" tests="2" failures="0" timestamp="08 Jul 2017 19:25:47 GMT" time="12.129" errors="0">
  <testcase name="rightCredentialsTest" time="2.522" classname="com.prestashop.tests.login.PositiveSignInTests"/>
  <testcase name="rightCredentialsTest" time="2.476" classname="com.prestashop.tests.user_account.SimpleUserAccountTest"/>
</testsuite> <!-- Parameters test -->
