<?xml version="1.0" encoding="UTF-8"?>
<!-- Generated by org.testng.reporters.JUnitXMLReporter -->
<testsuite hostname="Nigaras-MacBook-Pro.local" ignored="0" name="Smoke test using Firefox" tests="2" failures="0" timestamp="21 Sep 2017 19:56:13 GMT" time="8.13" errors="0">
  <testcase name="rightCredentialsTest" time="3.094" classname="com.prestashop.tests.user_account.SimpleUserAccountTest"/>
  <testcase name="rightCredentialsTest" time="3.414" classname="com.prestashop.tests.login.PositiveSignInTests"/>
</testsuite> <!-- Smoke test using Firefox -->
