<?xml version="1.0" encoding="UTF-8"?>
<!-- Generated by org.testng.reporters.JUnitXMLReporter -->
<testsuite hostname="nigaras-MacBook-Pro.local" ignored="0" name="test 1" tests="2" failures="0" timestamp="01 Jul 2017 18:48:14 GMT" time="41.765" errors="0">
  <testcase name="rightCredentialsTest" time="12.296" classname="com.prestashop.tests.user_account.SimpleUserAccountTest"/>
  <testcase name="simpleCheckOutTest" time="1.034" classname="com.prestashop.tests.checkout.SimpleCheckOutTest"/>
</testsuite> <!-- test 1 -->
